2019-05-07 13:10:13,701 [1] INFO KanbanProject.BusinessLogicLayer.Managers.UsersManager`1 - System was initialized
2019-05-07 13:12:12,839 [1] INFO KanbanProject.BusinessLogicLayer.Managers.UsersManager`1 - System was initialized
2019-05-07 13:12:23,143 [1] INFO KanbanProject.InterfaceLayer.UserInter - User [gil@gmail.com] has logged in
2019-05-07 13:12:38,287 [1] INFO KanbanProject.BusinessLogicLayer.Board - The task [test] has been moved from In Progressto Done
2019-05-07 13:12:46,553 [1] INFO KanbanProject.BusinessLogicLayer.Board - The task [title3] has been moved from BackLogto In Progress
2019-05-07 14:03:28,546 [1] INFO KanbanProject.BusinessLogicLayer.Managers.UsersManager`1 - System was initialized
2019-05-07 14:03:38,806 [1] INFO KanbanProject.InterfaceLayer.UserInter - User [gil@gmail.com] has logged in
2019-05-07 14:04:37,655 [1] INFO KanbanProject.BusinessLogicLayer.Managers.UsersManager`1 - System was initialized
2019-05-07 14:04:46,561 [1] INFO KanbanProject.InterfaceLayer.UserInter - User [gil@gmail.com] has logged in
2019-05-07 14:05:12,357 [1] INFO KanbanProject.Column - Task [make sure bindings working] was created
2019-05-07 18:38:53,136 [1] INFO KanbanProject.BusinessLogicLayer.Managers.UsersManager`1 - System was initialized
2019-05-07 18:39:05,586 [1] INFO KanbanProject.InterfaceLayer.UserInter - User [gil@gmail.com] has logged in
2019-05-07 18:40:01,208 [1] INFO KanbanProject.InterfaceLayer.UserInter - User [gil@gmail.com] has logged out
2019-05-07 18:40:11,198 [1] INFO KanbanProject.InterfaceLayer.UserInter - User [gil@gmail.com] has logged in
2019-05-07 18:42:55,627 [1] INFO KanbanProject.BusinessLogicLayer.Managers.UsersManager`1 - System was initialized
2019-05-07 18:43:05,996 [1] INFO KanbanProject.InterfaceLayer.UserInter - User [gil@gmail.com] has logged in
2019-05-07 18:44:25,983 [1] INFO KanbanProject.InterfaceLayer.UserInter - User [gil@gmail.com] has logged out
2019-05-07 18:44:34,004 [1] INFO KanbanProject.InterfaceLayer.UserInter - User [gil@gmail.com] has logged in
2019-05-07 18:51:54,477 [1] INFO KanbanProject.BusinessLogicLayer.Managers.UsersManager`1 - System was initialized
2019-05-07 18:52:08,394 [1] INFO KanbanProject.InterfaceLayer.UserInter - User [gil@gmail.com] has logged in
2019-05-07 18:52:27,720 [1] INFO KanbanProject.Column - Task [test] was created
2019-05-07 18:52:54,608 [1] INFO KanbanProject.BusinessLogicLayer.Board - Column [BackLog] has been removed
2019-05-07 18:53:29,064 [1] INFO KanbanProject.BusinessLogicLayer.Board - Column [In Progress] has been removed
2019-05-07 18:53:38,592 [1] INFO KanbanProject.InterfaceLayer.UserInter - User [gil@gmail.com] has logged out
2019-05-07 18:53:46,932 [1] INFO KanbanProject.InterfaceLayer.UserInter - User [gil@gmail.com] has logged in
2019-05-07 18:54:37,352 [1] INFO KanbanProject.Column - Task [new] was created
2019-05-07 18:55:16,608 [1] ERROR KanbanProject.BusinessLogicLayer.Board - Illegal task movement
2019-05-07 18:55:17,866 [1] ERROR KanbanProject.BusinessLogicLayer.Board - Illegal task movement
2019-05-07 18:55:19,711 [1] ERROR KanbanProject.BusinessLogicLayer.Board - Illegal task movement
2019-05-07 18:55:59,802 [1] INFO KanbanProject.BusinessLogicLayer.Managers.UsersManager`1 - System was initialized
2019-05-07 18:56:08,513 [1] INFO KanbanProject.InterfaceLayer.UserInter - User [gil@gmail.com] has logged in
2019-05-07 18:56:08,515 [1] INFO KanbanProject.Column - Task [title1] was created
2019-05-07 18:56:08,520 [1] ERROR KanbanProject.BusinessLogicLayer.Board - Illegal task movement
2019-05-07 18:56:08,521 [1] ERROR KanbanProject.BusinessLogicLayer.Board - Illegal task movement
2019-05-07 18:56:08,522 [1] INFO KanbanProject.Column - Task [title2] was created
2019-05-07 18:56:08,523 [1] ERROR KanbanProject.BusinessLogicLayer.Board - Illegal task movement
2019-05-07 18:56:08,523 [1] INFO KanbanProject.Column - Task [title3] was created
2019-05-07 18:56:08,524 [1] INFO KanbanProject.InterfaceLayer.UserInter - User [gil@gmail.com] has logged in
2019-05-07 18:56:26,671 [1] INFO KanbanProject.InterfaceLayer.UserInter - User [gil@gmail.com] has logged out
2019-05-07 18:57:34,497 [1] INFO KanbanProject.BusinessLogicLayer.Managers.UsersManager`1 - System was initialized
2019-05-07 18:57:43,220 [1] INFO KanbanProject.InterfaceLayer.UserInter - User [gil@gmail.com] has logged in
2019-05-07 18:57:43,221 [1] INFO KanbanProject.Column - Task [title1] was created
2019-05-07 18:57:43,227 [1] ERROR KanbanProject.BusinessLogicLayer.Board - Illegal task movement
2019-05-07 18:57:43,228 [1] ERROR KanbanProject.BusinessLogicLayer.Board - Illegal task movement
2019-05-07 18:57:43,228 [1] INFO KanbanProject.Column - Task [title2] was created
2019-05-07 18:57:43,229 [1] ERROR KanbanProject.BusinessLogicLayer.Board - Illegal task movement
2019-05-07 18:57:43,230 [1] INFO KanbanProject.Column - Task [title3] was created
2019-05-07 18:57:43,231 [1] INFO KanbanProject.InterfaceLayer.UserInter - User [gil@gmail.com] has logged in
2019-05-07 19:02:17,422 [1] ERROR KanbanProject.BusinessLogicLayer.Managers.BoardsManager`1 - Unable to load Boards from disk
2019-05-07 19:02:17,441 [1] INFO KanbanProject.BusinessLogicLayer.Managers.UsersManager`1 - System was initialized
2019-05-07 19:02:28,021 [1] ERROR KanbanProject.BusinessLogicLayer.Managers.BoardsManager`1 - No Matching Board was found of User: [gil@gmail.com]
2019-05-07 19:02:28,022 [1] INFO KanbanProject.InterfaceLayer.UserInter - User [gil@gmail.com] has logged in
2019-05-07 19:02:28,026 [1] INFO KanbanProject.Column - Task [title1] was created
2019-05-07 19:02:28,032 [1] ERROR KanbanProject.BusinessLogicLayer.Board - Illegal task movement
2019-05-07 19:02:28,034 [1] INFO KanbanProject.Column - Task [title2] was created
2019-05-07 19:02:28,035 [1] ERROR KanbanProject.BusinessLogicLayer.Board - Illegal task movement
2019-05-07 19:02:28,035 [1] INFO KanbanProject.Column - Task [title3] was created
2019-05-07 19:02:28,036 [1] INFO KanbanProject.InterfaceLayer.UserInter - User [gil@gmail.com] has logged in
2019-05-07 19:02:39,447 [1] INFO KanbanProject.InterfaceLayer.UserInter - User [gil@gmail.com] has logged out
2019-05-07 19:32:40,418 [1] INFO KanbanProject.BusinessLogicLayer.Managers.UsersManager`1 - System was initialized
2019-05-07 19:32:50,595 [1] INFO KanbanProject.InterfaceLayer.UserInter - User [gil@gmail.com] has logged in
2019-05-07 19:33:25,912 [1] INFO KanbanProject.Column - Task [test] was created
2019-05-07 19:33:58,989 [1] INFO KanbanProject.BusinessLogicLayer.Board - Columns [BackLog] and [BackLog] have been swapped
2019-05-07 19:34:15,856 [1] INFO KanbanProject.InterfaceLayer.UserInter - User [gil@gmail.com] has logged out
2019-05-07 19:34:24,184 [1] INFO KanbanProject.InterfaceLayer.UserInter - User [gil@gmail.com] has logged in
2019-05-07 19:34:33,930 [1] INFO KanbanProject.BusinessLogicLayer.Board - Column [In Progress] has been removed
2019-05-07 19:40:18,312 [1] INFO KanbanProject.BusinessLogicLayer.Managers.UsersManager`1 - System was initialized
2019-05-07 19:40:32,479 [1] INFO KanbanProject.InterfaceLayer.UserInter - User [gil@gmail.com] has logged in
2019-05-07 19:41:26,954 [1] INFO KanbanProject.BusinessLogicLayer.Board - The task [title1] has been moved from BackLogto Done
2019-05-07 19:41:28,078 [1] INFO KanbanProject.BusinessLogicLayer.Board - The task [title2] has been moved from BackLogto Done
2019-05-07 19:41:34,884 [1] INFO KanbanProject.BusinessLogicLayer.Board - The task [title3] has been moved from BackLogto Done
2019-05-07 19:41:39,581 [1] INFO KanbanProject.BusinessLogicLayer.Board - The task [test] has been moved from BackLogto Done
2019-05-07 19:41:44,794 [1] ERROR KanbanProject.BusinessLogicLayer.Board - Illegal task movement
2019-05-07 19:41:47,036 [1] ERROR KanbanProject.BusinessLogicLayer.Board - Illegal task movement
2019-05-07 19:50:24,845 [1] INFO KanbanProject.BusinessLogicLayer.Managers.UsersManager`1 - System was initialized
2019-05-07 19:50:42,500 [1] INFO KanbanProject.InterfaceLayer.UserInter - User [gil@gmail.com] has logged in
2019-05-07 19:51:01,969 [1] INFO KanbanProject.Column - Task [test] was created
2019-05-07 19:51:43,783 [1] INFO KanbanProject.Column - Task [test1] was created
2019-05-07 19:52:08,543 [1] INFO KanbanProject.BusinessLogicLayer.Board - Column [BackLog] has been removed
2019-05-07 19:52:40,340 [1] INFO KanbanProject.Column - Task [test1] was created
2019-05-07 19:53:52,235 [1] ERROR KanbanProject.BusinessLogicLayer.Managers.BoardsManager`1 - Unable to load Boards from disk
2019-05-07 19:53:52,266 [1] INFO KanbanProject.BusinessLogicLayer.Managers.UsersManager`1 - System was initialized
2019-05-07 19:54:02,683 [1] ERROR KanbanProject.BusinessLogicLayer.Managers.BoardsManager`1 - No Matching Board was found of User: [gil@gmail.com]
2019-05-07 19:54:02,684 [1] INFO KanbanProject.InterfaceLayer.UserInter - User [gil@gmail.com] has logged in
2019-05-07 19:54:02,688 [1] INFO KanbanProject.Column - Task [title1] was created
2019-05-07 19:54:02,695 [1] ERROR KanbanProject.BusinessLogicLayer.Board - Illegal task movement
2019-05-07 19:54:02,697 [1] INFO KanbanProject.Column - Task [title2] was created
2019-05-07 19:54:02,697 [1] ERROR KanbanProject.BusinessLogicLayer.Board - Illegal task movement
2019-05-07 19:54:02,698 [1] INFO KanbanProject.Column - Task [title3] was created
2019-05-07 19:54:02,699 [1] INFO KanbanProject.InterfaceLayer.UserInter - User [gil@gmail.com] has logged in
2019-05-07 19:54:22,663 [1] INFO KanbanProject.Column - Task [test] was created
2019-05-07 20:24:02,062 [1] INFO KanbanProject.BusinessLogicLayer.Managers.UsersManager`1 - System was initialized
2019-05-07 20:24:35,340 [1] INFO KanbanProject.InterfaceLayer.UserInter - User [gil@gmail.com] has logged in
2019-05-07 20:24:35,342 [1] INFO KanbanProject.Column - Task [title1] was created
2019-05-07 20:24:35,352 [1] ERROR KanbanProject.BusinessLogicLayer.Board - Illegal task movement
2019-05-07 20:24:35,355 [1] INFO KanbanProject.Column - Task [title2] was created
2019-05-07 20:24:35,355 [1] ERROR KanbanProject.BusinessLogicLayer.Board - Illegal task movement
2019-05-07 20:24:35,356 [1] INFO KanbanProject.Column - Task [title3] was created
2019-05-07 20:24:35,357 [1] INFO KanbanProject.InterfaceLayer.UserInter - User [gil@gmail.com] has logged in
2019-05-07 20:25:19,056 [1] ERROR KanbanProject.Column - Not allowed to create new tasks-maximum amount for tasks on the column has been reached
2019-05-07 20:27:56,859 [1] INFO KanbanProject.BusinessLogicLayer.Managers.UsersManager`1 - System was initialized
2019-05-07 20:28:11,233 [1] INFO KanbanProject.InterfaceLayer.UserInter - User [gil@gmail.com] has logged in
2019-05-07 20:28:11,234 [1] INFO KanbanProject.Column - Task [title1] was created
2019-05-07 20:28:11,239 [1] ERROR KanbanProject.BusinessLogicLayer.Board - Illegal task movement
2019-05-07 20:28:11,241 [1] INFO KanbanProject.Column - Task [title2] was created
2019-05-07 20:28:11,242 [1] ERROR KanbanProject.BusinessLogicLayer.Board - Illegal task movement
2019-05-07 20:28:11,243 [1] INFO KanbanProject.Column - Task [title3] was created
2019-05-07 20:28:11,244 [1] INFO KanbanProject.InterfaceLayer.UserInter - User [gil@gmail.com] has logged in
2019-05-07 20:29:09,590 [1] ERROR KanbanProject.Column - Not allowed to create new tasks-maximum amount for tasks on the column has been reached
2019-05-07 20:29:46,024 [1] INFO KanbanProject.BusinessLogicLayer.Managers.UsersManager`1 - System was initialized
2019-05-07 20:30:00,889 [1] INFO KanbanProject.InterfaceLayer.UserInter - User [gil@gmail.com] has logged in
2019-05-07 20:30:00,890 [1] INFO KanbanProject.Column - Task [title1] was created
2019-05-07 20:30:00,895 [1] ERROR KanbanProject.BusinessLogicLayer.Board - Illegal task movement
2019-05-07 20:30:00,897 [1] INFO KanbanProject.Column - Task [title2] was created
2019-05-07 20:30:00,898 [1] ERROR KanbanProject.BusinessLogicLayer.Board - Illegal task movement
2019-05-07 20:30:00,899 [1] INFO KanbanProject.Column - Task [title3] was created
2019-05-07 20:30:00,900 [1] INFO KanbanProject.InterfaceLayer.UserInter - User [gil@gmail.com] has logged in
2019-05-07 20:31:01,981 [1] ERROR KanbanProject.Column - Not allowed to create new tasks-maximum amount for tasks on the column has been reached
2019-05-07 20:34:30,426 [1] INFO KanbanProject.BusinessLogicLayer.Managers.UsersManager`1 - System was initialized
2019-05-07 20:34:47,393 [1] INFO KanbanProject.InterfaceLayer.UserInter - User [gil@gmail.com] has logged in
2019-05-07 20:34:47,394 [1] INFO KanbanProject.Column - Task [title1] was created
2019-05-07 20:34:47,400 [1] ERROR KanbanProject.BusinessLogicLayer.Board - Illegal task movement
2019-05-07 20:34:47,402 [1] INFO KanbanProject.Column - Task [title2] was created
2019-05-07 20:34:47,403 [1] ERROR KanbanProject.BusinessLogicLayer.Board - Illegal task movement
2019-05-07 20:34:47,404 [1] INFO KanbanProject.Column - Task [title3] was created
2019-05-07 20:34:47,404 [1] INFO KanbanProject.InterfaceLayer.UserInter - User [gil@gmail.com] has logged in
2019-05-07 20:36:30,830 [1] ERROR KanbanProject.Column - Not allowed to create new tasks-maximum amount for tasks on the column has been reached
2019-05-07 22:55:51,156 [1] INFO KanbanProject.BusinessLogicLayer.Managers.UsersManager`1 - System was initialized
2019-05-07 22:56:01,494 [1] INFO KanbanProject.InterfaceLayer.UserInter - User [gil@gmail.com] has logged in
2019-05-07 22:56:01,495 [1] INFO KanbanProject.Column - Task [title1] was created
2019-05-07 22:56:01,500 [1] ERROR KanbanProject.BusinessLogicLayer.Board - Illegal task movement
2019-05-07 22:56:01,502 [1] INFO KanbanProject.Column - Task [title2] was created
2019-05-07 22:56:01,503 [1] ERROR KanbanProject.BusinessLogicLayer.Board - Illegal task movement
2019-05-07 22:56:01,504 [1] INFO KanbanProject.Column - Task [title3] was created
2019-05-07 22:56:01,505 [1] INFO KanbanProject.InterfaceLayer.UserInter - User [gil@gmail.com] has logged in
2019-05-07 22:56:13,668 [1] INFO KanbanProject.BusinessLogicLayer.Board - The task [title3] has been moved from BackLogto In Progress
2019-05-07 22:56:26,323 [1] INFO KanbanProject.BusinessLogicLayer.Board - The task [title2] has been moved from BackLogto In Progress
2019-05-07 22:56:37,702 [1] INFO KanbanProject.BusinessLogicLayer.Board - The task [test] has been moved from BackLogto In Progress
2019-05-07 22:57:05,534 [1] ERROR KanbanProject.Column - Not allowed to create new tasks-maximum amount for tasks on the column has been reached
2019-05-07 23:00:41,857 [1] INFO KanbanProject.BusinessLogicLayer.Managers.UsersManager`1 - System was initialized
2019-05-07 23:00:52,322 [1] INFO KanbanProject.InterfaceLayer.UserInter - User [gil@gmail.com] has logged in
2019-05-07 23:00:52,323 [1] INFO KanbanProject.Column - Task [title1] was created
2019-05-07 23:00:52,328 [1] ERROR KanbanProject.BusinessLogicLayer.Board - Illegal task movement
2019-05-07 23:00:52,329 [1] INFO KanbanProject.BusinessLogicLayer.Board - The task [test] has been moved from In Progressto Done
2019-05-07 23:00:52,330 [1] INFO KanbanProject.Column - Task [title2] was created
2019-05-07 23:00:52,332 [1] ERROR KanbanProject.BusinessLogicLayer.Board - Illegal task movement
2019-05-07 23:00:52,333 [1] INFO KanbanProject.Column - Task [title3] was created
2019-05-07 23:00:52,334 [1] INFO KanbanProject.InterfaceLayer.UserInter - User [gil@gmail.com] has logged in
2019-05-07 23:01:38,174 [1] INFO KanbanProject.Column - Task [TEST] was created
2019-05-07 23:03:17,811 [1] INFO KanbanProject.BusinessLogicLayer.Managers.UsersManager`1 - System was initialized
2019-05-07 23:03:42,481 [1] INFO KanbanProject.BusinessLogicLayer.Managers.UsersManager`1 - System was initialized
2019-05-07 23:03:51,927 [1] INFO KanbanProject.InterfaceLayer.UserInter - User [gil@gmail.com] has logged in
2019-05-07 23:04:19,639 [1] ERROR KanbanProject.Column - Not allowed to create new tasks-maximum amount for tasks on the column has been reached
2019-05-07 23:04:30,348 [1] ERROR KanbanProject.Column - Not allowed to create new tasks-maximum amount for tasks on the column has been reached
2019-05-07 23:06:57,458 [1] INFO KanbanProject.BusinessLogicLayer.Managers.UsersManager`1 - System was initialized
2019-05-07 23:07:06,497 [1] INFO KanbanProject.InterfaceLayer.UserInter - User [gil@gmail.com] has logged in
2019-05-07 23:07:34,231 [1] INFO KanbanProject.Column - Task [TEST] was created
2019-05-07 23:12:12,187 [1] INFO KanbanProject.BusinessLogicLayer.Managers.UsersManager`1 - System was initialized
2019-05-07 23:12:20,758 [1] INFO KanbanProject.InterfaceLayer.UserInter - User [gil@gmail.com] has logged in
2019-05-07 23:12:53,933 [1] INFO KanbanProject.Column - Task [TEST] was created
2019-05-07 23:34:06,148 [1] INFO KanbanProject.BusinessLogicLayer.Managers.UsersManager`1 - System was initialized
2019-05-07 23:34:22,387 [1] INFO KanbanProject.InterfaceLayer.UserInter - User [gil@gmail.com] has logged in
2019-05-07 23:38:24,275 [1] INFO KanbanProject.BusinessLogicLayer.Managers.UsersManager`1 - System was initialized
2019-05-07 23:38:35,342 [1] INFO KanbanProject.InterfaceLayer.UserInter - User [gil@gmail.com] has logged in
2019-05-07 23:38:58,622 [1] INFO KanbanProject.Column - Task [TEX] was created
2019-05-07 23:44:37,176 [1] INFO KanbanProject.BusinessLogicLayer.Managers.UsersManager`1 - System was initialized
2019-05-07 23:44:47,660 [1] INFO KanbanProject.InterfaceLayer.UserInter - User [gil@gmail.com] has logged in
2019-05-07 23:45:09,999 [1] INFO KanbanProject.Column - Task [AAAA] was created
2019-05-07 23:46:09,996 [1] INFO KanbanProject.BusinessLogicLayer.Managers.UsersManager`1 - System was initialized
2019-05-07 23:46:19,530 [1] INFO KanbanProject.InterfaceLayer.UserInter - User [gil@gmail.com] has logged in
2019-05-07 23:46:39,938 [1] INFO KanbanProject.Column - Task [BBBBBBB] was created
2019-05-12 19:17:16,261 [1] INFO KanbanProject.BusinessLogicLayer.Managers.UsersManager`1 - System was initialized
2019-05-12 19:17:31,054 [1] INFO KanbanProject.InterfaceLayer.UserInter - User [gil@gmail.com] has logged in
2019-05-12 19:31:38,555 [1] ERROR KanbanProject.BusinessLogicLayer.Managers.BoardsManager`1 - Unable to load Boards from disk
2019-05-12 19:31:38,575 [1] INFO KanbanProject.BusinessLogicLayer.Managers.UsersManager`1 - System was initialized
2019-05-12 19:31:51,068 [1] ERROR KanbanProject.BusinessLogicLayer.Managers.BoardsManager`1 - No Matching Board was found of User: [gil@gmail.com]
2019-05-12 19:31:51,069 [1] INFO KanbanProject.InterfaceLayer.UserInter - User [gil@gmail.com] has logged in
2019-05-12 19:31:51,073 [1] INFO KanbanProject.Column - Task [title1] was created
2019-05-12 19:31:51,079 [1] ERROR KanbanProject.BusinessLogicLayer.Board - Illegal task movement
2019-05-12 19:31:51,080 [1] ERROR KanbanProject.BusinessLogicLayer.Board - Unable to find the task to move on the column [In Progress]
2019-05-12 19:31:51,080 [1] INFO KanbanProject.Column - Task [title2] was created
2019-05-12 19:31:51,081 [1] ERROR KanbanProject.BusinessLogicLayer.Board - Illegal task movement
2019-05-12 19:31:51,081 [1] INFO KanbanProject.Column - Task [title3] was created
2019-05-12 19:31:51,082 [1] INFO KanbanProject.InterfaceLayer.UserInter - User [gil@gmail.com] has logged in
2019-05-12 19:33:02,681 [1] INFO KanbanProject.Column - Task [TEST] was created
2019-05-12 19:33:21,646 [1] ERROR KanbanProject.Column - Not allowed to create new tasks-maximum amount for tasks on the column has been reached
2019-05-12 20:20:35,469 [1] INFO KanbanProject.BusinessLogicLayer.Managers.UsersManager`1 - System was initialized
2019-05-12 20:20:44,354 [1] INFO KanbanProject.InterfaceLayer.UserInter - User [gil@gmail.com] has logged in
2019-05-12 20:20:57,872 [1] INFO KanbanProject.BusinessLogicLayer.Board - Columns [BackLog] and [In Progress] have been swapped
2019-05-12 20:21:06,389 [1] INFO KanbanProject.BusinessLogicLayer.Board - Columns [BackLog] and [In Progress] have been swapped
2019-05-12 20:21:23,955 [1] INFO KanbanProject.Column - Task [Blabla] was created
2019-05-12 20:28:06,298 [1] INFO KanbanProject.BusinessLogicLayer.Managers.UsersManager`1 - System was initialized
2019-05-12 20:28:20,193 [1] INFO KanbanProject.InterfaceLayer.UserInter - User [gil@gmail.com] has logged in
2019-05-12 22:43:31,001 [1] INFO KanbanProject.BusinessLogicLayer.Managers.UsersManager`1 - System was initialized
2019-05-12 22:43:53,209 [1] INFO KanbanProject.InterfaceLayer.UserInter - Failed login attempt: email[gil@gmail.com] is not registered or password input does not match
2019-05-12 22:44:00,631 [1] INFO KanbanProject.InterfaceLayer.UserInter - User [gil@gmail.com] has logged in
2019-05-13 03:10:47,410 [1] INFO KanbanProject.BusinessLogicLayer.Managers.UsersManager`1 - System was initialized
2019-05-13 03:10:56,264 [1] INFO KanbanProject.InterfaceLayer.UserInter - User [gil@gmail.com] has logged in
2019-05-13 03:11:02,414 [1] INFO KanbanProject.BusinessLogicLayer.Board - The task [Blabla] has been moved from BackLogto In Progress
2019-05-13 03:11:05,323 [1] INFO KanbanProject.BusinessLogicLayer.Board - The task [Blabla] has been moved from In Progressto Done
2019-05-13 03:11:28,159 [1] INFO KanbanProject.BusinessLogicLayer.Managers.UsersManager`1 - System was initialized
2019-05-13 03:11:36,789 [1] INFO KanbanProject.InterfaceLayer.UserInter - User [gil@gmail.com] has logged in
2019-05-13 03:11:46,014 [1] INFO KanbanProject.BusinessLogicLayer.Board - Column [test] has been added
2019-05-13 03:11:50,850 [1] INFO KanbanProject.BusinessLogicLayer.Board - The task [Blabla] has been moved from Doneto test
2019-05-13 03:11:58,765 [1] ERROR KanbanProject.BusinessLogicLayer.Board - It is not possible to edit tasks on the last column
2019-05-13 03:12:07,831 [1] INFO KanbanProject.BusinessLogicLayer.Board - Columns [test] and [Done] have been swapped
2019-05-13 03:12:23,419 [1] INFO KanbanProject.BusinessLogicLayer.Board - Columns [test] and [In Progress] have been swapped
2019-05-13 03:12:26,208 [1] INFO KanbanProject.BusinessLogicLayer.Board - Columns [test] and [BackLog] have been swapped
2019-05-13 03:12:29,382 [1] INFO KanbanProject.BusinessLogicLayer.Board - The task [Blabla] has been moved from testto BackLog
2019-05-13 03:12:31,848 [1] INFO KanbanProject.BusinessLogicLayer.Board - Column [test] has been removed
2019-05-13 03:12:42,579 [1] INFO KanbanProject.BusinessLogicLayer.Board - The task [Blabla] has been moved from BackLogto In Progress
2019-05-21 17:52:36,418 [1] INFO KanbanProject.BusinessLogicLayer.Managers.UsersManager`1 - System was initialized
2019-05-21 17:52:46,185 [1] INFO KanbanProject.InterfaceLayer.UserInter - User [gil@gmail.com] has logged in
2019-05-21 17:53:19,202 [1] INFO KanbanProject.BusinessLogicLayer.Board - Column [gils stuff] has been added
2019-05-21 17:53:27,327 [1] INFO KanbanProject.BusinessLogicLayer.Board - Columns [gils stuff] and [Done] have been swapped
2019-05-21 17:53:30,004 [1] INFO KanbanProject.BusinessLogicLayer.Board - Columns [gils stuff] and [In Progress] have been swapped
2019-05-21 17:53:32,703 [1] INFO KanbanProject.BusinessLogicLayer.Board - Columns [gils stuff] and [BackLog] have been swapped
2019-05-21 17:53:55,492 [1] INFO KanbanProject.Column - Task [attempt] was created
2019-05-21 17:56:32,791 [1] INFO KanbanProject.BusinessLogicLayer.Managers.UsersManager`1 - System was initialized
2019-05-21 17:56:45,343 [1] ERROR KanbanProject.InterfaceLayer.UserInter - The password length should be between 4 to 20 letters
2019-05-21 17:57:07,181 [1] INFO KanbanProject.BusinessLogicLayer.Managers.UsersManager`1 - User [shelly@gmail.com] was registered to the system
2019-05-21 17:57:13,762 [1] ERROR KanbanProject.BusinessLogicLayer.Managers.BoardsManager`1 - No Matching Board was found of User: [shelly@gmail.com]
2019-05-21 17:57:13,763 [1] INFO KanbanProject.InterfaceLayer.UserInter - User [shelly@gmail.com] has logged in
2019-05-21 17:58:47,059 [1] INFO KanbanProject.Column - Task [test] was created
2019-05-21 17:59:07,706 [1] INFO KanbanProject.Column - Task [test2] was created
2019-05-21 17:59:23,706 [1] INFO KanbanProject.Column - Task [test3] was created
2019-05-21 17:59:37,513 [1] ERROR KanbanProject.Column - Not allowed to create new tasks-maximum amount for tasks on the column has been reached
2019-05-21 18:00:51,832 [1] ERROR KanbanProject.Column - Not allowed to create new tasks-maximum amount for tasks on the column has been reached
2019-05-21 18:01:19,404 [1] INFO KanbanProject.BusinessLogicLayer.Board - Columns [In Progress] and [Done] have been swapped
2019-05-21 18:01:30,931 [1] INFO KanbanProject.BusinessLogicLayer.Board - The task [test3] has been moved from BackLogto Done
2019-05-21 18:02:05,357 [1] ERROR KanbanProject.Column - Not allowed to create new tasks-maximum amount for tasks on the column has been reached
2019-05-21 18:02:21,674 [1] INFO KanbanProject.BusinessLogicLayer.Board - Column [newcol] has been added
2019-05-21 18:02:26,727 [1] INFO KanbanProject.BusinessLogicLayer.Board - Column [newcol] has been removed
2019-05-21 18:02:38,061 [1] INFO KanbanProject.BusinessLogicLayer.Board - Column [Done] has been removed
2019-05-21 18:02:46,849 [1] INFO KanbanProject.InterfaceLayer.UserInter - User [shelly@gmail.com] has logged out
2019-05-21 18:03:06,949 [1] INFO KanbanProject.BusinessLogicLayer.Managers.UsersManager`1 - Failed login attempt: email [sharonm@gmail.com] is not registered or password input does not match
2019-05-21 18:03:06,949 [1] INFO KanbanProject.InterfaceLayer.UserInter - Failed login attempt: email[sharonm@gmail.com] is not registered or password input does not match
2019-05-21 18:03:09,799 [1] INFO KanbanProject.BusinessLogicLayer.Managers.UsersManager`1 - User [sharonm@gmail.com] was registered to the system
2019-05-21 18:03:12,004 [1] ERROR KanbanProject.BusinessLogicLayer.Managers.BoardsManager`1 - No Matching Board was found of User: [sharonm@gmail.com]
2019-05-21 18:03:12,004 [1] INFO KanbanProject.InterfaceLayer.UserInter - User [sharonm@gmail.com] has logged in
2019-05-21 18:03:22,525 [1] INFO KanbanProject.BusinessLogicLayer.Managers.UsersManager`1 - System was initialized
2019-05-21 18:03:32,851 [1] INFO KanbanProject.InterfaceLayer.UserInter - User [shelly@gmail.com] has logged in
2019-06-06 00:04:07,190 [1] INFO KanbanProject.BusinessLogicLayer.Managers.UsersManager`1 - System was initialized
2019-06-06 00:04:19,154 [1] INFO KanbanProject.InterfaceLayer.UserInter - User [gil@gmail.com] has logged in
2019-06-06 00:14:36,414 [1] INFO KanbanProject.BusinessLogicLayer.Managers.UsersManager`1 - System was initialized
2019-06-10 22:22:10,177 [1] INFO KanbanProject.BusinessLogicLayer.Managers.UsersManager`1 - System was initialized
2019-06-10 22:22:23,141 [1] INFO KanbanProject.BusinessLogicLayer.Managers.UsersManager`1 - User [gil@gmail.com] was registered to the system
2019-06-10 22:23:20,090 [1] INFO KanbanProject.BusinessLogicLayer.Managers.UsersManager`1 - System was initialized
2019-06-10 22:25:52,554 [1] INFO KanbanProject.BusinessLogicLayer.Managers.UsersManager`1 - System was initialized
2019-06-10 22:26:05,541 [1] INFO KanbanProject.InterfaceLayer.UserInter - User [gil@gmail.com] has logged in
2019-06-10 22:27:14,658 [1] INFO KanbanProject.BusinessLogicLayer.Managers.UsersManager`1 - System was initialized
2019-06-10 22:27:32,680 [1] INFO KanbanProject.BusinessLogicLayer.Managers.UsersManager`1 - User [gil23@gmail.com] was registered to the system
2019-06-10 22:32:46,567 [1] INFO KanbanProject.BusinessLogicLayer.Managers.UsersManager`1 - System was initialized
2019-06-10 22:33:02,931 [1] INFO KanbanProject.BusinessLogicLayer.Managers.UsersManager`1 - Failed login attempt: email [gl@gmail.com] is not registered or password input does not match
2019-06-10 22:33:02,931 [1] INFO KanbanProject.InterfaceLayer.UserInter - Failed login attempt: email[gl@gmail.com] is not registered or password input does not match
2019-06-10 22:33:50,282 [1] INFO KanbanProject.BusinessLogicLayer.Managers.UsersManager`1 - System was initialized
2019-06-10 22:35:57,385 [1] INFO KanbanProject.BusinessLogicLayer.Managers.UsersManager`1 - System was initialized
2019-06-10 22:36:09,546 [1] INFO KanbanProject.InterfaceLayer.UserInter - User [gil@gmail.com] has logged in
2019-06-10 22:36:24,817 [1] INFO KanbanProject.Column - Task [test] was created
2019-06-10 22:39:47,917 [1] INFO KanbanProject.BusinessLogicLayer.Managers.UsersManager`1 - System was initialized
2019-06-10 22:39:58,563 [1] INFO KanbanProject.InterfaceLayer.UserInter - User [gil@gmail.com] has logged in
2019-06-10 23:03:38,275 [1] INFO KanbanProject.BusinessLogicLayer.Managers.UsersManager`1 - System was initialized
2019-06-10 23:03:57,223 [1] INFO KanbanProject.BusinessLogicLayer.Managers.UsersManager`1 - Failed login attempt: email [testuser@gmail.com] is not registered or password input does not match
2019-06-10 23:03:57,223 [1] INFO KanbanProject.InterfaceLayer.UserInter - Failed login attempt: email[testuser@gmail.com] is not registered or password input does not match
2019-06-10 23:03:59,733 [1] INFO KanbanProject.BusinessLogicLayer.Managers.UsersManager`1 - User [testuser@gmail.com] was registered to the system
2019-06-10 23:04:03,004 [1] ERROR KanbanProject.BusinessLogicLayer.Managers.UsersManager`1 - the email adress [testuser@gmail.com] is already registered in the system
2019-06-10 23:04:06,288 [1] INFO KanbanProject.InterfaceLayer.UserInter - User [testuser@gmail.com] has logged in
2019-06-10 23:21:34,552 [1] INFO KanbanProject.BusinessLogicLayer.Managers.UsersManager`1 - System was initialized
2019-06-10 23:21:55,545 [1] INFO KanbanProject.BusinessLogicLayer.Board - Column [BackLog] has been added
2019-06-10 23:42:57,408 [1] INFO KanbanProject.BusinessLogicLayer.Managers.UsersManager`1 - System was initialized
2019-06-10 23:43:11,564 [1] ERROR KanbanProject.BusinessLogicLayer.Managers.UsersManager`1 - the email adress [sharon@gmail.com] is already registered in the system
2019-06-10 23:43:23,929 [1] INFO KanbanProject.BusinessLogicLayer.Board - Column [BackLog] has been added
2019-06-10 23:43:50,997 [1] INFO KanbanProject.BusinessLogicLayer.Managers.UsersManager`1 - System was initialized
2019-06-11 00:02:25,666 [1] INFO KanbanProject.BusinessLogicLayer.Managers.UsersManager`1 - System was initialized
2019-06-11 00:02:43,714 [1] INFO KanbanProject.BusinessLogicLayer.Board - Column [BackLog] has been added
2019-06-11 00:02:43,763 [1] INFO KanbanProject.BusinessLogicLayer.Board - Column [In Progress] has been added
2019-06-11 00:02:43,781 [1] INFO KanbanProject.BusinessLogicLayer.Board - Column [Done] has been added
2019-06-11 00:02:43,803 [1] INFO KanbanProject.InterfaceLayer.UserInter - User [sharon@gmail.com] has logged in
2019-06-11 00:12:52,537 [1] INFO KanbanProject.BusinessLogicLayer.Managers.UsersManager`1 - System was initialized
2019-06-11 00:14:06,784 [1] INFO KanbanProject.BusinessLogicLayer.Board - Column [BackLog] has been added
2019-06-11 00:14:06,959 [1] INFO KanbanProject.BusinessLogicLayer.Board - Column [In Progress] has been added
2019-06-11 00:14:07,097 [1] INFO KanbanProject.BusinessLogicLayer.Board - Column [Done] has been added
2019-06-11 00:16:08,626 [1] INFO KanbanProject.BusinessLogicLayer.Managers.UsersManager`1 - System was initialized
2019-06-11 00:16:31,607 [1] INFO KanbanProject.BusinessLogicLayer.Board - Column [BackLog] has been added
2019-06-11 00:16:31,644 [1] INFO KanbanProject.BusinessLogicLayer.Board - Column [In Progress] has been added
2019-06-11 00:16:31,663 [1] INFO KanbanProject.BusinessLogicLayer.Board - Column [Done] has been added
2019-06-11 00:16:31,703 [1] INFO KanbanProject.InterfaceLayer.UserInter - User [sharon@gmail.com] has logged in
2019-06-11 00:24:53,360 [1] INFO KanbanProject.BusinessLogicLayer.Managers.UsersManager`1 - System was initialized
2019-06-11 00:25:04,014 [1] INFO KanbanProject.BusinessLogicLayer.Board - Column [BackLog] has been added
2019-06-11 00:25:04,083 [1] INFO KanbanProject.BusinessLogicLayer.Board - Column [In Progress] has been added
2019-06-11 00:25:04,115 [1] INFO KanbanProject.BusinessLogicLayer.Board - Column [Done] has been added
2019-06-11 00:25:04,159 [1] INFO KanbanProject.InterfaceLayer.UserInter - User [sharon@gmail.com] has logged in
2019-06-11 00:25:48,031 [1] INFO KanbanProject.Column - Task [first TAsK ever] was created
2019-06-11 00:28:08,205 [1] INFO KanbanProject.BusinessLogicLayer.Board - Columns [BackLog] and [In Progress] have been swapped
2019-06-11 00:28:08,912 [1] INFO KanbanProject.BusinessLogicLayer.Board - Columns [In Progress] and [BackLog] have been swapped
2019-06-11 00:28:10,970 [1] INFO KanbanProject.BusinessLogicLayer.Board - Columns [BackLog] and [In Progress] have been swapped
2019-06-11 00:28:12,461 [1] INFO KanbanProject.BusinessLogicLayer.Board - Columns [BackLog] and [Done] have been swapped
2019-06-11 00:28:16,873 [1] INFO KanbanProject.BusinessLogicLayer.Board - Column [BackLog] has been removed
2019-06-11 00:28:25,813 [1] INFO KanbanProject.BusinessLogicLayer.Board - Column [Backlog] has been added
2019-06-11 00:31:54,834 [1] INFO KanbanProject.BusinessLogicLayer.Managers.UsersManager`1 - System was initialized
2019-06-11 00:32:55,197 [1] INFO KanbanProject.BusinessLogicLayer.Board - Column [BackLog] has been added
2019-06-11 00:38:57,858 [1] INFO KanbanProject.BusinessLogicLayer.Managers.UsersManager`1 - System was initialized
2019-06-11 00:39:16,185 [1] INFO KanbanProject.BusinessLogicLayer.Board - Column [BackLog] has been added
2019-06-11 00:41:57,680 [1] INFO KanbanProject.BusinessLogicLayer.Managers.UsersManager`1 - System was initialized
2019-06-11 00:42:15,567 [1] INFO KanbanProject.BusinessLogicLayer.Board - Column [BackLog] has been added
2019-06-11 00:45:23,510 [1] INFO KanbanProject.BusinessLogicLayer.Managers.UsersManager`1 - System was initialized
2019-06-11 00:45:34,048 [1] INFO KanbanProject.BusinessLogicLayer.Board - Column [BackLog] has been added
2019-06-11 00:49:12,784 [1] INFO KanbanProject.BusinessLogicLayer.Managers.UsersManager`1 - System was initialized
2019-06-11 00:49:44,179 [1] INFO KanbanProject.BusinessLogicLayer.Board - Column [BackLog] has been added
2019-06-11 00:51:45,363 [1] INFO KanbanProject.BusinessLogicLayer.Managers.UsersManager`1 - System was initialized
2019-06-11 00:51:54,816 [1] INFO KanbanProject.BusinessLogicLayer.Board - Column [BackLog] has been added
2019-06-11 00:59:40,437 [1] INFO KanbanProject.BusinessLogicLayer.Managers.UsersManager`1 - System was initialized
2019-06-11 00:59:49,482 [1] INFO KanbanProject.BusinessLogicLayer.Board - Column [BackLog] has been added
2019-06-11 01:01:27,370 [1] INFO KanbanProject.BusinessLogicLayer.Board - Column [In Progress] has been added
2019-06-11 01:02:49,082 [1] INFO KanbanProject.BusinessLogicLayer.Board - Column [Done] has been added
2019-06-11 01:05:24,404 [1] INFO KanbanProject.InterfaceLayer.UserInter - User [sharon@gmail.com] has logged in
2019-06-11 01:06:20,871 [1] INFO KanbanProject.BusinessLogicLayer.Managers.UsersManager`1 - System was initialized
2019-06-11 01:06:30,267 [1] INFO KanbanProject.BusinessLogicLayer.Board - Column [BackLog] has been added
2019-06-11 01:07:26,620 [1] INFO KanbanProject.BusinessLogicLayer.Managers.UsersManager`1 - System was initialized
2019-06-11 01:07:38,256 [1] INFO KanbanProject.BusinessLogicLayer.Board - Column [BackLog] has been added
2019-06-11 01:09:53,167 [1] INFO KanbanProject.BusinessLogicLayer.Managers.UsersManager`1 - System was initialized
2019-06-11 01:10:09,721 [1] INFO KanbanProject.BusinessLogicLayer.Managers.UsersManager`1 - Failed login attempt: email [testuser2@gmail.com] is not registered or password input does not match
2019-06-11 01:10:09,722 [1] INFO KanbanProject.InterfaceLayer.UserInter - Failed login attempt: email[testuser2@gmail.com] is not registered or password input does not match
2019-06-11 01:10:11,463 [1] INFO KanbanProject.BusinessLogicLayer.Managers.UsersManager`1 - User [testuser2@gmail.com] was registered to the system
2019-06-11 01:14:03,856 [1] INFO KanbanProject.BusinessLogicLayer.Managers.UsersManager`1 - System was initialized
2019-06-11 01:14:16,442 [1] INFO KanbanProject.BusinessLogicLayer.Board - Column [BackLog] has been added
2019-06-11 01:17:21,357 [1] INFO KanbanProject.BusinessLogicLayer.Managers.UsersManager`1 - System was initialized
2019-06-11 01:18:07,830 [1] INFO KanbanProject.BusinessLogicLayer.Managers.UsersManager`1 - System was initialized
2019-06-11 01:18:16,728 [1] INFO KanbanProject.BusinessLogicLayer.Board - Column [BackLog] has been added
2019-06-11 01:26:41,006 [1] INFO KanbanProject.BusinessLogicLayer.Board - Column [In Progress] has been added
2019-06-11 01:28:33,072 [1] INFO KanbanProject.BusinessLogicLayer.Board - Column [Done] has been added
2019-06-11 01:28:56,502 [1] INFO KanbanProject.InterfaceLayer.UserInter - User [sharon@gmail.com] has logged in
2019-06-11 01:29:41,608 [1] INFO KanbanProject.Column - Task [task limit] was created
2019-06-11 01:30:49,844 [1] INFO KanbanProject.BusinessLogicLayer.Board - Column [BackLog] has been removed
2019-06-11 01:31:00,346 [1] INFO KanbanProject.BusinessLogicLayer.Board - Column [Backlog] has been added
2019-06-11 01:31:02,444 [1] INFO KanbanProject.BusinessLogicLayer.Board - Columns [Backlog] and [Done] have been swapped
2019-06-11 01:31:03,754 [1] INFO KanbanProject.BusinessLogicLayer.Board - Columns [Backlog] and [In Progress] have been swapped
2019-06-11 01:31:12,551 [1] INFO KanbanProject.Column - Task [task limit ] was created
2019-06-11 01:33:29,800 [1] INFO KanbanProject.BusinessLogicLayer.Managers.UsersManager`1 - System was initialized
2019-06-11 01:33:38,878 [1] INFO KanbanProject.InterfaceLayer.UserInter - User [sharon@gmail.com] has logged in
2019-06-11 01:35:24,270 [1] INFO KanbanProject.BusinessLogicLayer.Managers.UsersManager`1 - System was initialized
2019-06-11 01:35:30,953 [1] INFO KanbanProject.InterfaceLayer.UserInter - User [sharon@gmail.com] has logged in
2019-06-11 01:42:12,339 [1] INFO KanbanProject.BusinessLogicLayer.Managers.UsersManager`1 - System was initialized
2019-06-11 01:42:25,706 [1] INFO KanbanProject.InterfaceLayer.UserInter - User [sharon@gmail.com] has logged in
2019-06-11 01:42:34,697 [1] INFO KanbanProject.BusinessLogicLayer.Board - Column [mycolumn] has been added
2019-06-11 01:43:33,682 [1] INFO KanbanProject.BusinessLogicLayer.Board - Column [mycolumn] has been removed
2019-06-11 01:43:41,539 [1] INFO KanbanProject.BusinessLogicLayer.Board - Column [mycolumn] has been added
2019-06-11 01:46:38,944 [1] INFO KanbanProject.Column - Task [1task] was created
2019-06-11 01:46:55,466 [1] INFO KanbanProject.BusinessLogicLayer.Board - Column [mycolumn] has been removed
2019-06-11 12:22:05,652 [1] INFO KanbanProject.BusinessLogicLayer.Managers.UsersManager`1 - System was initialized
2019-06-11 12:22:17,315 [1] INFO KanbanProject.BusinessLogicLayer.Board - Column [BackLog] has been added
2019-06-11 12:22:17,336 [1] INFO KanbanProject.BusinessLogicLayer.Board - Column [In Progress] has been added
2019-06-11 12:22:17,342 [1] INFO KanbanProject.BusinessLogicLayer.Board - Column [Done] has been added
2019-06-11 12:22:17,355 [1] INFO KanbanProject.InterfaceLayer.UserInter - User [gil@gmail.com] has logged in
2019-06-11 12:22:30,307 [1] INFO KanbanProject.Column - Task [test] was created
2019-06-11 12:24:08,753 [1] INFO KanbanProject.BusinessLogicLayer.Board - Column [Done] has been removed
2019-06-11 12:25:24,266 [1] INFO KanbanProject.BusinessLogicLayer.Managers.UsersManager`1 - System was initialized
2019-06-11 12:25:37,518 [1] INFO KanbanProject.InterfaceLayer.UserInter - User [gil@gmail.com] has logged in
2019-06-11 12:32:41,450 [1] INFO KanbanProject.BusinessLogicLayer.Managers.UsersManager`1 - System was initialized
2019-06-11 12:33:21,050 [1] INFO KanbanProject.BusinessLogicLayer.Managers.UsersManager`1 - System was initialized
2019-06-11 12:36:12,011 [1] INFO KanbanProject.BusinessLogicLayer.Managers.UsersManager`1 - System was initialized
2019-06-11 12:39:29,930 [1] INFO KanbanProject.BusinessLogicLayer.Managers.UsersManager`1 - System was initialized
2019-06-11 12:43:43,540 [1] INFO KanbanProject.BusinessLogicLayer.Managers.UsersManager`1 - System was initialized
2019-06-11 12:44:36,042 [1] INFO KanbanProject.BusinessLogicLayer.Managers.UsersManager`1 - System was initialized
2019-06-11 12:44:46,493 [1] INFO KanbanProject.InterfaceLayer.UserInter - User [gil@gmail.com] has logged in
2019-06-11 15:50:21,695 [1] INFO KanbanProject.BusinessLogicLayer.Managers.UsersManager`1 - System was initialized
2019-06-11 15:50:33,478 [1] INFO KanbanProject.InterfaceLayer.UserInter - User [gil@gmail.com] has logged in
2019-06-11 15:53:24,872 [1] INFO KanbanProject.BusinessLogicLayer.Managers.UsersManager`1 - System was initialized
2019-06-11 15:53:38,104 [1] INFO KanbanProject.InterfaceLayer.UserInter - User [gil@gmail.com] has logged in
2019-06-11 15:56:37,202 [1] INFO KanbanProject.BusinessLogicLayer.Managers.UsersManager`1 - System was initialized
2019-06-11 15:56:46,603 [1] INFO KanbanProject.InterfaceLayer.UserInter - User [gil@gmail.com] has logged in
2019-06-11 20:02:21,836 [1] INFO KanbanProject.BusinessLogicLayer.Managers.UsersManager`1 - System was initialized
2019-06-11 20:14:50,013 [1] INFO KanbanProject.BusinessLogicLayer.Managers.UsersManager`1 - System was initialized
2019-06-11 20:15:25,088 [1] INFO KanbanProject.BusinessLogicLayer.Managers.UsersManager`1 - System was initialized
2019-06-11 20:15:36,170 [1] INFO KanbanProject.InterfaceLayer.UserInter - User [gil@gmail.com] has logged in
2019-06-11 20:18:35,337 [1] INFO KanbanProject.BusinessLogicLayer.Managers.UsersManager`1 - System was initialized
2019-06-11 20:20:24,487 [1] INFO KanbanProject.BusinessLogicLayer.Managers.UsersManager`1 - System was initialized
2019-06-11 20:38:36,641 [1] INFO KanbanProject.BusinessLogicLayer.Managers.UsersManager`1 - System was initialized
2019-06-11 20:57:27,799 [1] INFO KanbanProject.BusinessLogicLayer.Managers.UsersManager`1 - System was initialized
2019-06-11 20:58:10,645 [1] INFO KanbanProject.BusinessLogicLayer.Managers.UsersManager`1 - System was initialized
2019-06-11 20:58:20,886 [1] INFO KanbanProject.InterfaceLayer.UserInter - User [gil@gmail.com] has logged in
2019-06-11 20:59:22,445 [1] INFO KanbanProject.BusinessLogicLayer.Managers.UsersManager`1 - System was initialized
2019-06-11 20:59:32,256 [1] INFO KanbanProject.InterfaceLayer.UserInter - User [gil@gmail.com] has logged in
2019-06-11 21:11:44,747 [1] INFO KanbanProject.BusinessLogicLayer.Managers.UsersManager`1 - System was initialized
2019-06-11 21:11:58,396 [1] INFO KanbanProject.InterfaceLayer.UserInter - User [gil@gmail.com] has logged in
2019-06-11 21:13:13,937 [1] INFO KanbanProject.BusinessLogicLayer.Managers.UsersManager`1 - System was initialized
2019-06-11 21:13:28,785 [1] INFO KanbanProject.InterfaceLayer.UserInter - User [gil@gmail.com] has logged in
2019-06-11 21:14:15,266 [1] INFO KanbanProject.Column - Task [xzetrcyuvbiilnkl] was created
2019-06-11 21:20:17,935 [1] INFO KanbanProject.BusinessLogicLayer.Managers.UsersManager`1 - System was initialized
2019-06-11 21:20:26,422 [1] INFO KanbanProject.InterfaceLayer.UserInter - User [gil@gmail.com] has logged in
2019-06-11 21:23:08,867 [1] INFO KanbanProject.BusinessLogicLayer.Managers.UsersManager`1 - System was initialized
2019-06-11 21:23:17,494 [1] INFO KanbanProject.InterfaceLayer.UserInter - User [gil@gmail.com] has logged in
2019-06-11 21:23:24,525 [1] INFO KanbanProject.BusinessLogicLayer.Board - Column [BackLog] has been added
2019-06-11 21:23:48,077 [1] INFO KanbanProject.BusinessLogicLayer.Managers.UsersManager`1 - System was initialized
2019-06-11 21:23:57,325 [1] INFO KanbanProject.InterfaceLayer.UserInter - User [gil@gmail.com] has logged in
2019-06-11 21:24:04,568 [1] INFO KanbanProject.BusinessLogicLayer.Board - Column [Backlog] has been added
2019-06-11 21:27:18,322 [1] INFO KanbanProject.BusinessLogicLayer.Board - Columns [Backlog] and [Done] have been swapped
2019-06-11 21:27:19,993 [1] INFO KanbanProject.BusinessLogicLayer.Board - Columns [Backlog] and [In Progress] have been swapped
2019-06-11 21:28:37,222 [1] INFO KanbanProject.Column - Task [myTask] was created
2019-06-11 21:29:02,359 [1] INFO KanbanProject.BusinessLogicLayer.Board - The task [myTask] has been moved from Backlogto In Progress
2019-06-11 21:29:06,226 [1] INFO KanbanProject.BusinessLogicLayer.Board - The task [myTask] has been moved from In Progressto Done
2019-06-11 21:40:18,599 [1] INFO KanbanProject.BusinessLogicLayer.Managers.UsersManager`1 - System was initialized
2019-06-11 21:40:29,703 [1] INFO KanbanProject.InterfaceLayer.UserInter - User [gil@gmail.com] has logged in
2019-06-11 21:40:34,095 [1] INFO KanbanProject.BusinessLogicLayer.Board - Columns [Backlog] and [Backlog] have been swapped
2019-06-11 21:40:36,395 [1] INFO KanbanProject.BusinessLogicLayer.Board - Columns [Backlog] and [Backlog] have been swapped
2019-06-11 21:40:40,017 [1] INFO KanbanProject.BusinessLogicLayer.Board - Columns [Backlog] and [Backlog] have been swapped
2019-06-11 21:40:41,297 [1] INFO KanbanProject.BusinessLogicLayer.Board - Columns [Backlog] and [Backlog] have been swapped
2019-06-11 21:40:44,476 [1] INFO KanbanProject.BusinessLogicLayer.Board - Columns [Backlog] and [Backlog] have been swapped
2019-06-11 21:40:49,271 [1] INFO KanbanProject.BusinessLogicLayer.Board - Columns [Backlog] and [Backlog] have been swapped
2019-06-11 21:49:22,705 [1] INFO KanbanProject.BusinessLogicLayer.Managers.UsersManager`1 - System was initialized
2019-06-11 21:49:52,514 [1] INFO KanbanProject.InterfaceLayer.UserInter - User [gil@gmail.com] has logged in
2019-06-11 21:50:06,335 [1] INFO KanbanProject.BusinessLogicLayer.Board - Column [Done] name was changed to [InProgress]
2019-06-11 21:54:40,276 [1] INFO KanbanProject.BusinessLogicLayer.Managers.UsersManager`1 - System was initialized
2019-06-11 21:54:54,224 [1] INFO KanbanProject.InterfaceLayer.UserInter - User [gil@gmail.com] has logged in
2019-06-11 21:55:04,936 [1] INFO KanbanProject.BusinessLogicLayer.Board - Column [Done] name was changed to [inProgress]
2019-06-11 21:55:30,346 [1] INFO KanbanProject.BusinessLogicLayer.Board - Columns [Done] and [Done] have been swapped
2019-06-11 21:55:57,057 [1] INFO KanbanProject.BusinessLogicLayer.Board - Column [toDelete!] has been added
2019-06-11 21:55:59,480 [1] INFO KanbanProject.BusinessLogicLayer.Board - Column [toDelete!] has been removed
2019-06-11 21:59:20,544 [1] INFO KanbanProject.BusinessLogicLayer.Managers.UsersManager`1 - System was initialized
2019-06-11 21:59:35,332 [1] INFO KanbanProject.InterfaceLayer.UserInter - User [gil@gmail.com] has logged in
2019-06-11 21:59:42,124 [1] INFO KanbanProject.BusinessLogicLayer.Board - Columns [Done] and [Done] have been swapped
2019-06-11 21:59:42,823 [1] INFO KanbanProject.BusinessLogicLayer.Board - Columns [inProgress] and [inProgress] have been swapped
2019-06-11 21:59:44,677 [1] INFO KanbanProject.BusinessLogicLayer.Board - Columns [Done] and [Done] have been swapped
2019-06-11 21:59:45,914 [1] INFO KanbanProject.BusinessLogicLayer.Board - Columns [Done] and [Done] have been swapped
2019-06-11 21:59:48,490 [1] INFO KanbanProject.BusinessLogicLayer.Board - Column [toDelete!] has been removed
2019-06-11 22:01:06,223 [1] INFO KanbanProject.BusinessLogicLayer.Managers.UsersManager`1 - System was initialized
2019-06-11 22:01:15,449 [1] INFO KanbanProject.InterfaceLayer.UserInter - User [gil@gmail.com] has logged in
2019-06-11 22:01:18,755 [1] INFO KanbanProject.BusinessLogicLayer.Board - Column [toDelete!] has been removed
2019-06-11 22:01:43,736 [1] INFO KanbanProject.BusinessLogicLayer.Board - Column [todelete] has been added
2019-06-11 22:02:33,251 [1] INFO KanbanProject.BusinessLogicLayer.Board - Column [todelete] has been removed
2019-06-11 22:05:54,299 [1] INFO KanbanProject.BusinessLogicLayer.Managers.UsersManager`1 - System was initialized
2019-06-11 22:06:02,269 [1] INFO KanbanProject.InterfaceLayer.UserInter - User [gil@gmail.com] has logged in
2019-06-11 22:06:08,810 [1] INFO KanbanProject.BusinessLogicLayer.Board - Column [toDelete!] has been removed
2019-06-11 22:06:10,913 [1] INFO KanbanProject.BusinessLogicLayer.Board - Column [todelete] has been removed
2019-06-11 22:06:53,069 [1] INFO KanbanProject.BusinessLogicLayer.Managers.UsersManager`1 - System was initialized
2019-06-11 22:07:00,916 [1] INFO KanbanProject.InterfaceLayer.UserInter - User [gil@gmail.com] has logged in
2019-06-11 22:07:03,762 [1] INFO KanbanProject.BusinessLogicLayer.Board - Column [todelete] has been removed
2019-06-11 22:27:42,150 [1] INFO KanbanProject.BusinessLogicLayer.Managers.UsersManager`1 - System was initialized
2019-06-11 22:27:52,170 [1] INFO KanbanProject.BusinessLogicLayer.Managers.UsersManager`1 - Failed login attempt: email [gil@gmail.com] is not registered or password input does not match
2019-06-11 22:27:52,170 [1] INFO KanbanProject.InterfaceLayer.UserInter - Failed login attempt: email[gil@gmail.com] is not registered or password input does not match
2019-06-11 22:27:55,719 [1] INFO KanbanProject.BusinessLogicLayer.Managers.UsersManager`1 - User [gil@gmail.com] was registered to the system
2019-06-11 22:28:05,498 [1] INFO KanbanProject.BusinessLogicLayer.Board - Column [BackLog] has been added
2019-06-11 22:28:05,512 [1] INFO KanbanProject.BusinessLogicLayer.Board - Column [In Progress] has been added
2019-06-11 22:28:05,518 [1] INFO KanbanProject.BusinessLogicLayer.Board - Column [Done] has been added
2019-06-11 22:28:05,535 [1] INFO KanbanProject.InterfaceLayer.UserInter - User [gil@gmail.com] has logged in
2019-06-11 22:28:30,816 [1] INFO KanbanProject.Column - Task [myTASK] was created
2019-06-11 22:28:38,380 [1] INFO KanbanProject.InterfaceLayer.UserInter - User [gil@gmail.com] has logged out
2019-06-11 22:28:44,087 [1] INFO KanbanProject.BusinessLogicLayer.Managers.UsersManager`1 - System was initialized
2019-06-11 22:28:53,091 [1] INFO KanbanProject.InterfaceLayer.UserInter - User [gil@gmail.com] has logged in
2019-06-11 22:28:55,921 [1] INFO KanbanProject.BusinessLogicLayer.Board - Columns [BackLog] and [BackLog] have been swapped
2019-06-11 22:29:52,027 [1] INFO KanbanProject.BusinessLogicLayer.Board - Column [Done] name was changed to [toDelete]
2019-06-11 22:30:03,974 [1] INFO KanbanProject.BusinessLogicLayer.Board - Column [done__] has been added
2019-06-11 22:30:07,015 [1] INFO KanbanProject.BusinessLogicLayer.Board - Column [toDelete] has been removed
2019-06-11 22:30:25,862 [1] INFO KanbanProject.BusinessLogicLayer.Managers.UsersManager`1 - System was initialized
2019-06-11 22:30:35,294 [1] INFO KanbanProject.InterfaceLayer.UserInter - User [gil@gmail.com] has logged in
2019-06-11 22:33:11,504 [1] INFO KanbanProject.InterfaceLayer.UserInter - User [gil@gmail.com] has logged out
2019-06-11 22:34:22,196 [1] INFO KanbanProject.BusinessLogicLayer.Managers.UsersManager`1 - System was initialized
2019-06-11 22:34:40,066 [1] INFO KanbanProject.InterfaceLayer.UserInter - User [gil@gmail.com] has logged in
2019-06-11 22:37:21,766 [1] INFO KanbanProject.BusinessLogicLayer.Managers.UsersManager`1 - System was initialized
2019-06-11 22:37:29,963 [1] INFO KanbanProject.InterfaceLayer.UserInter - User [gil@gmail.com] has logged in
2019-06-11 22:38:13,790 [1] INFO KanbanProject.BusinessLogicLayer.Board - Column [done__] has been removed
2019-06-11 22:41:58,414 [1] INFO KanbanProject.BusinessLogicLayer.Managers.UsersManager`1 - System was initialized
2019-06-11 22:42:08,617 [1] INFO KanbanProject.InterfaceLayer.UserInter - User [gil@gmail.com] has logged in
2019-06-11 22:42:28,776 [1] INFO KanbanProject.BusinessLogicLayer.Managers.UsersManager`1 - System was initialized
2019-06-11 22:42:40,413 [1] INFO KanbanProject.InterfaceLayer.UserInter - User [gil@gmail.com] has logged in
2019-06-11 22:42:49,113 [1] INFO KanbanProject.BusinessLogicLayer.Board - Column [tobedeleted!!!] has been added
2019-06-11 22:43:15,347 [1] INFO KanbanProject.BusinessLogicLayer.Board - Column [tobedeleted!!!] has been removed
2019-06-11 22:43:52,543 [1] INFO KanbanProject.BusinessLogicLayer.Managers.UsersManager`1 - System was initialized
2019-06-11 22:44:03,782 [1] INFO KanbanProject.InterfaceLayer.UserInter - User [gil@gmail.com] has logged in
2019-06-11 22:44:51,187 [1] INFO KanbanProject.BusinessLogicLayer.Board - Column [tobedeleted!!!] has been removed
2019-06-11 23:12:28,301 [1] INFO KanbanProject.BusinessLogicLayer.Managers.UsersManager`1 - System was initialized
2019-06-11 23:12:43,209 [1] INFO KanbanProject.InterfaceLayer.UserInter - User [gil@gmail.com] has logged in
2019-06-11 23:13:01,866 [1] INFO KanbanProject.BusinessLogicLayer.Board - Column [tobedeleted!!!] has been removed
2019-06-11 23:14:18,339 [1] INFO KanbanProject.BusinessLogicLayer.Managers.UsersManager`1 - System was initialized
2019-06-11 23:14:27,658 [1] INFO KanbanProject.InterfaceLayer.UserInter - User [gil@gmail.com] has logged in
2019-06-11 23:14:35,367 [1] INFO KanbanProject.BusinessLogicLayer.Board - Column [tobedeleted!!!] has been removed
2019-06-12 01:30:20,800 [1] INFO KanbanProject.BusinessLogicLayer.Managers.UsersManager`1 - System was initialized
2019-06-12 01:30:33,137 [1] INFO KanbanProject.InterfaceLayer.UserInter - User [gil@gmail.com] has logged in
2019-06-12 01:31:47,993 [1] INFO KanbanProject.BusinessLogicLayer.Managers.UsersManager`1 - System was initialized
2019-06-12 01:31:58,288 [1] INFO KanbanProject.InterfaceLayer.UserInter - User [gil@gmail.com] has logged in
2019-06-12 01:35:55,836 [1] INFO KanbanProject.BusinessLogicLayer.Managers.UsersManager`1 - System was initialized
2019-06-12 01:36:05,003 [1] INFO KanbanProject.InterfaceLayer.UserInter - User [gil@gmail.com] has logged in
2019-06-12 01:39:31,541 [1] INFO KanbanProject.BusinessLogicLayer.Board - Column [BackLog] has been added
2019-06-12 01:39:31,561 [1] INFO KanbanProject.BusinessLogicLayer.Board - Column [In Progress] has been added
2019-06-12 01:39:31,568 [1] INFO KanbanProject.BusinessLogicLayer.Board - Column [Done] has been added
2019-06-12 01:45:00,605 [1] INFO KanbanProject.BusinessLogicLayer.Managers.UsersManager`1 - System was initialized
2019-06-12 01:45:16,933 [1] INFO KanbanProject.InterfaceLayer.UserInter - User [gil@gmail.com] has logged in
2019-06-12 01:45:55,182 [1] INFO KanbanProject.InterfaceLayer.UserInter - User [gil@gmail.com] has logged out
2019-06-12 01:46:03,197 [1] INFO KanbanProject.InterfaceLayer.UserInter - User [gil@gmail.com] has logged in
2019-06-12 01:46:14,770 [1] INFO KanbanProject.BusinessLogicLayer.Board - Column [BackLog] has been added
2019-06-12 01:46:14,785 [1] INFO KanbanProject.BusinessLogicLayer.Board - Column [In Progress] has been added
2019-06-12 01:46:14,792 [1] INFO KanbanProject.BusinessLogicLayer.Board - Column [Done] has been added
2019-06-12 01:46:44,119 [1] INFO KanbanProject.InterfaceLayer.UserInter - User [gil@gmail.com] has logged out
2019-06-12 01:46:53,457 [1] INFO KanbanProject.InterfaceLayer.UserInter - User [gil@gmail.com] has logged in
2019-06-12 01:56:25,676 [1] INFO KanbanProject.BusinessLogicLayer.Managers.UsersManager`1 - System was initialized
2019-06-12 01:57:23,567 [1] INFO KanbanProject.BusinessLogicLayer.Managers.UsersManager`1 - System was initialized
2019-06-12 01:57:32,823 [1] INFO KanbanProject.InterfaceLayer.UserInter - User [gil@gmail.com] has logged in
2019-06-12 01:57:47,499 [1] INFO KanbanProject.InterfaceLayer.UserInter - User [gil@gmail.com] has logged out
2019-06-12 01:57:56,159 [1] INFO KanbanProject.InterfaceLayer.UserInter - User [gil@gmail.com] has logged in
2019-06-12 01:57:57,564 [1] INFO KanbanProject.BusinessLogicLayer.Board - Column [BackLog] has been added
2019-06-12 01:58:21,173 [1] INFO KanbanProject.BusinessLogicLayer.Board - Column [In Progress] has been added
2019-06-12 01:58:23,773 [1] INFO KanbanProject.BusinessLogicLayer.Board - Column [Done] has been added
2019-06-12 02:10:39,172 [1] INFO KanbanProject.BusinessLogicLayer.Managers.UsersManager`1 - System was initialized
2019-06-12 02:10:48,029 [1] INFO KanbanProject.InterfaceLayer.UserInter - User [gil@gmail.com] has logged in
2019-06-12 02:11:00,321 [1] INFO KanbanProject.BusinessLogicLayer.Board - Column [BackLog] has been added
2019-06-12 02:11:20,926 [1] INFO KanbanProject.BusinessLogicLayer.Board - Column [In Progress] has been added
2019-06-12 02:11:21,970 [1] INFO KanbanProject.BusinessLogicLayer.Board - Column [Done] has been added
2019-06-12 02:16:21,308 [1] INFO KanbanProject.BusinessLogicLayer.Managers.UsersManager`1 - System was initialized
2019-06-12 02:16:31,077 [1] INFO KanbanProject.InterfaceLayer.UserInter - User [gil@gmail.com] has logged in
2019-06-12 02:16:46,542 [1] INFO KanbanProject.BusinessLogicLayer.Board - Column [BackLog] has been added
2019-06-12 02:16:52,775 [1] INFO KanbanProject.BusinessLogicLayer.Board - Column [In Progress] has been added
2019-06-12 02:16:53,617 [1] INFO KanbanProject.BusinessLogicLayer.Board - Column [Done] has been added
2019-06-12 02:19:39,545 [1] INFO KanbanProject.BusinessLogicLayer.Managers.UsersManager`1 - System was initialized
2019-06-12 02:19:47,462 [1] INFO KanbanProject.InterfaceLayer.UserInter - User [gil@gmail.com] has logged in
2019-06-12 02:22:25,415 [1] INFO KanbanProject.BusinessLogicLayer.Managers.UsersManager`1 - System was initialized
2019-06-12 02:22:36,760 [1] INFO KanbanProject.BusinessLogicLayer.Managers.UsersManager`1 - Failed login attempt: email [gil@gmail..com] is not registered or password input does not match
2019-06-12 02:22:36,760 [1] INFO KanbanProject.InterfaceLayer.UserInter - Failed login attempt: email[gil@gmail..com] is not registered or password input does not match
2019-06-12 02:22:43,017 [1] INFO KanbanProject.InterfaceLayer.UserInter - User [gil@gmail.com] has logged in
2019-06-12 02:22:56,165 [1] INFO KanbanProject.BusinessLogicLayer.Board - Column [fisrtColumn] has been added
2019-06-12 02:23:42,647 [1] INFO KanbanProject.BusinessLogicLayer.Board - Column [fisrtColumn] has been removed
2019-06-12 02:24:07,891 [1] INFO KanbanProject.BusinessLogicLayer.Board - Column [fisrtColumn] has been added
2019-06-12 02:24:16,982 [1] INFO KanbanProject.BusinessLogicLayer.Board - Column [fisrtColumn] has been removed
2019-06-12 02:29:51,496 [1] INFO KanbanProject.BusinessLogicLayer.Managers.UsersManager`1 - System was initialized
2019-06-12 02:29:59,701 [1] INFO KanbanProject.InterfaceLayer.UserInter - User [gil@gmail.com] has logged in
2019-06-12 02:30:13,036 [1] INFO KanbanProject.BusinessLogicLayer.Board - Column [BackLog] has been added
2019-06-12 02:30:13,052 [1] INFO KanbanProject.BusinessLogicLayer.Board - Column [In Progress] has been added
2019-06-12 02:30:13,059 [1] INFO KanbanProject.BusinessLogicLayer.Board - Column [Done] has been added
2019-06-12 02:32:59,595 [1] INFO KanbanProject.BusinessLogicLayer.Managers.UsersManager`1 - System was initialized
2019-06-12 02:33:08,102 [1] INFO KanbanProject.InterfaceLayer.UserInter - User [gil@gmail.com] has logged in
2019-06-12 02:33:35,043 [1] INFO KanbanProject.BusinessLogicLayer.Board - Column [BackLog] has been added
2019-06-12 02:33:35,061 [1] INFO KanbanProject.BusinessLogicLayer.Board - Column [In Progress] has been added
2019-06-12 02:33:35,067 [1] INFO KanbanProject.BusinessLogicLayer.Board - Column [Done] has been added
2019-06-12 02:34:39,723 [1] INFO KanbanProject.InterfaceLayer.UserInter - User [gil@gmail.com] has logged out
2019-06-12 02:34:46,951 [1] INFO KanbanProject.InterfaceLayer.UserInter - User [gil@gmail.com] has logged in
2019-06-12 02:36:23,638 [1] INFO KanbanProject.Column - Task [Another Task] was created
2019-06-12 02:36:38,824 [1] INFO KanbanProject.InterfaceLayer.UserInter - User [gil@gmail.com] has logged out
2019-06-12 02:36:45,911 [1] INFO KanbanProject.BusinessLogicLayer.Managers.UsersManager`1 - Failed login attempt: email [sharon@gmail.com] is not registered or password input does not match
2019-06-12 02:36:45,911 [1] INFO KanbanProject.InterfaceLayer.UserInter - Failed login attempt: email[sharon@gmail.com] is not registered or password input does not match
2019-06-12 02:36:51,076 [1] INFO KanbanProject.BusinessLogicLayer.Managers.UsersManager`1 - User [sharon@gmail.com] was registered to the system
2019-06-12 02:36:55,135 [1] INFO KanbanProject.BusinessLogicLayer.Board - Column [BackLog] has been added
2019-06-12 02:36:55,148 [1] INFO KanbanProject.BusinessLogicLayer.Board - Column [In Progress] has been added
2019-06-12 02:36:55,154 [1] INFO KanbanProject.BusinessLogicLayer.Board - Column [Done] has been added
2019-06-12 02:36:55,166 [1] INFO KanbanProject.InterfaceLayer.UserInter - User [sharon@gmail.com] has logged in
2019-06-12 02:37:09,291 [1] INFO KanbanProject.InterfaceLayer.UserInter - User [sharon@gmail.com] has logged out
2019-06-12 02:37:19,249 [1] INFO KanbanProject.InterfaceLayer.UserInter - User [sharon@gmail.com] has logged in
2019-06-12 02:37:34,668 [1] INFO KanbanProject.BusinessLogicLayer.Board - Column [BackLog] has been added
2019-06-12 02:37:34,681 [1] INFO KanbanProject.BusinessLogicLayer.Board - Column [In Progress] has been added
2019-06-12 02:37:34,687 [1] INFO KanbanProject.BusinessLogicLayer.Board - Column [Done] has been added
2019-06-12 02:38:09,379 [1] INFO KanbanProject.Column - Task [Main Task] was created
2019-06-12 02:38:22,562 [1] INFO KanbanProject.InterfaceLayer.UserInter - User [sharon@gmail.com] has logged out
2019-06-12 02:40:31,274 [1] INFO KanbanProject.BusinessLogicLayer.Managers.UsersManager`1 - System was initialized
2019-06-12 02:40:43,917 [1] INFO KanbanProject.InterfaceLayer.UserInter - User [sharon@gmail.com] has logged in
2019-06-12 02:41:00,392 [1] INFO KanbanProject.BusinessLogicLayer.Managers.UsersManager`1 - System was initialized
2019-06-12 02:41:08,532 [1] INFO KanbanProject.InterfaceLayer.UserInter - User [sharon@gmail.com] has logged in
2019-06-12 02:42:49,231 [1] INFO KanbanProject.BusinessLogicLayer.Managers.UsersManager`1 - System was initialized
2019-06-12 02:42:57,329 [1] INFO KanbanProject.InterfaceLayer.UserInter - User [gil@gmail.com] has logged in
2019-06-12 02:43:02,797 [1] INFO KanbanProject.InterfaceLayer.UserInter - User [gil@gmail.com] has logged out
2019-06-12 02:43:10,604 [1] INFO KanbanProject.InterfaceLayer.UserInter - User [gil@gmail.com] has logged in
2019-06-12 02:56:31,524 [1] INFO KanbanProject.BusinessLogicLayer.Managers.UsersManager`1 - System was initialized
2019-06-12 02:56:39,541 [1] INFO KanbanProject.InterfaceLayer.UserInter - Failed login attempt: email[gil@gmail.com] is not registered or password input does not match
2019-06-12 02:56:45,714 [1] INFO KanbanProject.InterfaceLayer.UserInter - User [gil@gmail.com] has logged in
2019-06-12 02:56:51,727 [1] INFO KanbanProject.BusinessLogicLayer.Board - Column [In Progress] has been removed
2019-06-12 03:01:11,839 [1] INFO KanbanProject.BusinessLogicLayer.Managers.UsersManager`1 - System was initialized
2019-06-12 03:01:20,306 [1] INFO KanbanProject.InterfaceLayer.UserInter - User [gil@gmail.com] has logged in
2019-06-12 03:01:31,416 [1] INFO KanbanProject.BusinessLogicLayer.Board - Column [In Progress] has been removed
2019-06-12 03:07:52,375 [1] INFO KanbanProject.BusinessLogicLayer.Managers.UsersManager`1 - System was initialized
2019-06-12 03:08:10,656 [1] INFO KanbanProject.InterfaceLayer.UserInter - User [gil@gmail.com] has logged in
2019-06-12 03:08:19,777 [1] INFO KanbanProject.BusinessLogicLayer.Board - Column [In Progress] has been removed
2019-06-12 03:08:55,021 [1] INFO KanbanProject.BusinessLogicLayer.Managers.UsersManager`1 - System was initialized
2019-06-12 03:09:02,704 [1] INFO KanbanProject.InterfaceLayer.UserInter - User [gil@gmail.com] has logged in
2019-06-12 03:09:07,662 [1] INFO KanbanProject.BusinessLogicLayer.Board - Column [In Progress] has been removed
2019-06-12 03:09:32,297 [1] INFO KanbanProject.BusinessLogicLayer.Board - Column [Done] has been removed
2019-06-12 03:10:44,430 [1] INFO KanbanProject.BusinessLogicLayer.Managers.UsersManager`1 - System was initialized
2019-06-12 03:10:52,796 [1] INFO KanbanProject.InterfaceLayer.UserInter - User [gil@gmail.com] has logged in
2019-06-12 03:11:01,522 [1] INFO KanbanProject.BusinessLogicLayer.Board - Column [In Progress] has been removed
2019-06-12 03:12:30,285 [1] INFO KanbanProject.BusinessLogicLayer.Managers.UsersManager`1 - System was initialized
2019-06-12 03:12:38,513 [1] INFO KanbanProject.InterfaceLayer.UserInter - User [gil@gmail.com] has logged in
2019-06-12 03:12:51,391 [1] INFO KanbanProject.BusinessLogicLayer.Board - Column [In Progress] has been removed
2019-06-12 03:13:02,977 [1] INFO KanbanProject.BusinessLogicLayer.Board - Column [In Progress] has been removed
2019-06-12 03:13:07,356 [1] INFO KanbanProject.BusinessLogicLayer.Board - Column [BackLog] has been removed
2019-06-12 03:13:14,459 [1] INFO KanbanProject.BusinessLogicLayer.Board - Column [Done] has been removed
2019-06-12 03:13:22,045 [1] INFO KanbanProject.BusinessLogicLayer.Managers.UsersManager`1 - System was initialized
2019-06-12 03:13:31,444 [1] INFO KanbanProject.InterfaceLayer.UserInter - User [gil@gmail.com] has logged in
2019-06-12 03:15:59,842 [1] INFO KanbanProject.BusinessLogicLayer.Managers.UsersManager`1 - System was initialized
2019-06-12 03:16:11,220 [1] INFO KanbanProject.InterfaceLayer.UserInter - User [sharon@gmail.com] has logged in
2019-06-12 03:16:17,718 [1] INFO KanbanProject.BusinessLogicLayer.Board - Column [BackLog] has been added
2019-06-12 03:16:17,753 [1] INFO KanbanProject.BusinessLogicLayer.Board - Column [In Progress] has been added
2019-06-12 03:16:17,759 [1] INFO KanbanProject.BusinessLogicLayer.Board - Column [Done] has been added
2019-06-12 03:16:20,939 [1] INFO KanbanProject.BusinessLogicLayer.Board - Column [In Progress] has been removed
2019-06-12 03:16:25,266 [1] INFO KanbanProject.BusinessLogicLayer.Board - Column [Done] has been removed
2019-06-12 03:17:56,623 [1] INFO KanbanProject.BusinessLogicLayer.Managers.UsersManager`1 - System was initialized
2019-06-12 03:18:42,429 [1] INFO KanbanProject.InterfaceLayer.UserInter - User [sharon@gmail.com] has logged in
2019-06-12 03:30:32,366 [1] INFO KanbanProject.BusinessLogicLayer.Managers.UsersManager`1 - System was initialized
2019-06-12 03:30:41,765 [1] INFO KanbanProject.InterfaceLayer.UserInter - User [sharon@gmail.com] has logged in
2019-06-12 03:37:37,486 [1] INFO KanbanProject.BusinessLogicLayer.Managers.UsersManager`1 - System was initialized
2019-06-12 03:37:45,351 [1] INFO KanbanProject.InterfaceLayer.UserInter - User [sharon@gmail.com] has logged in
2019-06-12 03:39:02,673 [1] INFO KanbanProject.BusinessLogicLayer.Managers.UsersManager`1 - System was initialized
2019-06-12 03:39:12,776 [1] INFO KanbanProject.InterfaceLayer.UserInter - User [sharon@gmail.com] has logged in
2019-06-12 03:39:35,192 [1] INFO KanbanProject.BusinessLogicLayer.Board - Column [BackLog] has been added
2019-06-12 03:39:35,207 [1] INFO KanbanProject.BusinessLogicLayer.Board - Column [In Progress] has been added
2019-06-12 03:39:35,214 [1] INFO KanbanProject.BusinessLogicLayer.Board - Column [Done] has been added
2019-06-12 03:39:57,823 [1] INFO KanbanProject.BusinessLogicLayer.Board - Column [Xtra Column] has been added
2019-06-12 03:40:49,905 [1] INFO KanbanProject.BusinessLogicLayer.Board - Column [In Progress] has been removed
2019-06-12 03:42:46,311 [1] INFO KanbanProject.BusinessLogicLayer.Managers.UsersManager`1 - System was initialized
2019-06-12 03:42:55,268 [1] INFO KanbanProject.InterfaceLayer.UserInter - User [gil@gmail.com] has logged in
2019-06-12 17:28:36,362 [1] INFO KanbanProject.BusinessLogicLayer.Managers.UsersManager`1 - System was initialized
2019-06-12 17:28:46,722 [1] INFO KanbanProject.InterfaceLayer.UserInter - User [gil@gmail.com] has logged in
2019-06-12 17:29:05,384 [1] INFO KanbanProject.BusinessLogicLayer.Managers.UsersManager`1 - System was initialized
2019-06-12 17:29:15,493 [1] INFO KanbanProject.InterfaceLayer.UserInter - User [gil@gmail.com] has logged in
2019-06-12 17:51:28,588 [1] INFO KanbanProject.BusinessLogicLayer.Managers.UsersManager`1 - System was initialized
2019-06-12 17:51:38,025 [1] INFO KanbanProject.InterfaceLayer.UserInter - User [gil@gmail.com] has logged in
2019-06-12 17:52:09,435 [1] INFO KanbanProject.BusinessLogicLayer.Board - Column [BackLog] has been added
2019-06-12 17:52:09,452 [1] INFO KanbanProject.BusinessLogicLayer.Board - Column [In Progress] has been added
2019-06-12 17:52:09,457 [1] INFO KanbanProject.BusinessLogicLayer.Board - Column [Done] has been added
2019-06-12 17:52:50,248 [1] INFO KanbanProject.BusinessLogicLayer.Managers.UsersManager`1 - System was initialized
2019-06-12 17:52:59,245 [1] INFO KanbanProject.InterfaceLayer.UserInter - User [gil@gmail.com] has logged in
2019-06-12 17:55:33,885 [1] INFO KanbanProject.BusinessLogicLayer.Managers.UsersManager`1 - System was initialized
2019-06-12 17:55:44,908 [1] INFO KanbanProject.InterfaceLayer.UserInter - User [gil@gmail.com] has logged in
2019-06-12 17:55:54,943 [1] INFO KanbanProject.BusinessLogicLayer.Board - Column [BackLog] has been added
2019-06-12 17:55:54,959 [1] INFO KanbanProject.BusinessLogicLayer.Board - Column [In Progress] has been added
2019-06-12 17:55:54,965 [1] INFO KanbanProject.BusinessLogicLayer.Board - Column [Done] has been added
2019-06-12 17:55:59,347 [1] INFO KanbanProject.InterfaceLayer.UserInter - User [gil@gmail.com] has logged out
2019-06-12 17:56:07,664 [1] INFO KanbanProject.InterfaceLayer.UserInter - User [gil@gmail.com] has logged in
2019-06-12 17:56:24,773 [1] INFO KanbanProject.BusinessLogicLayer.Managers.UsersManager`1 - System was initialized
2019-06-12 17:56:34,680 [1] INFO KanbanProject.InterfaceLayer.UserInter - User [gil@gmail.com] has logged in
2019-06-12 17:59:09,978 [1] INFO KanbanProject.BusinessLogicLayer.Board - Column [BackLog] has been added
2019-06-12 17:59:09,987 [1] INFO KanbanProject.BusinessLogicLayer.Board - Column [In Progress] has been added
2019-06-12 17:59:09,993 [1] INFO KanbanProject.BusinessLogicLayer.Board - Column [Done] has been added
2019-06-12 17:59:50,628 [1] INFO KanbanProject.InterfaceLayer.UserInter - User [gil@gmail.com] has logged out
2019-06-12 17:59:58,045 [1] INFO KanbanProject.BusinessLogicLayer.Managers.UsersManager`1 - System was initialized
2019-06-12 18:00:07,750 [1] INFO KanbanProject.InterfaceLayer.UserInter - User [gil@gmail.com] has logged in
2019-06-12 18:06:07,547 [1] INFO KanbanProject.BusinessLogicLayer.Managers.UsersManager`1 - System was initialized
2019-06-12 18:06:16,113 [1] INFO KanbanProject.InterfaceLayer.UserInter - User [gil@gmail.com] has logged in
2019-06-12 18:06:22,407 [1] INFO KanbanProject.BusinessLogicLayer.Board - Column [BackLog] has been added
2019-06-12 18:06:22,423 [1] INFO KanbanProject.BusinessLogicLayer.Board - Column [In Progress] has been added
2019-06-12 18:06:22,429 [1] INFO KanbanProject.BusinessLogicLayer.Board - Column [Done] has been added
2019-06-12 18:06:32,096 [1] INFO KanbanProject.BusinessLogicLayer.Managers.UsersManager`1 - System was initialized
2019-06-12 18:06:44,150 [1] INFO KanbanProject.InterfaceLayer.UserInter - User [gil@gmail.com] has logged in
2019-06-12 21:10:45,072 [1] INFO KanbanProject.BusinessLogicLayer.Managers.UsersManager`1 - System was initialized
2019-06-12 21:11:01,056 [1] INFO KanbanProject.InterfaceLayer.UserInter - User [gil@gmail.com] has logged in
2019-06-12 21:11:47,161 [1] INFO KanbanProject.BusinessLogicLayer.Managers.UsersManager`1 - System was initialized
2019-06-12 21:12:00,708 [1] INFO KanbanProject.InterfaceLayer.UserInter - User [gil@gmail.com] has logged in
2019-06-12 21:13:50,222 [1] INFO KanbanProject.BusinessLogicLayer.Board - Column [BackLog] has been added
2019-06-12 21:13:50,241 [1] INFO KanbanProject.BusinessLogicLayer.Board - Column [In Progress] has been added
2019-06-12 21:13:50,251 [1] INFO KanbanProject.BusinessLogicLayer.Board - Column [Done] has been added
2019-06-12 21:14:23,853 [1] INFO KanbanProject.BusinessLogicLayer.Managers.UsersManager`1 - System was initialized
2019-06-12 21:14:40,159 [1] INFO KanbanProject.InterfaceLayer.UserInter - User [gil@gmail.com] has logged in
2019-06-12 21:18:40,580 [1] INFO KanbanProject.BusinessLogicLayer.Managers.UsersManager`1 - System was initialized
2019-06-12 21:19:06,246 [1] INFO KanbanProject.InterfaceLayer.UserInter - User [gil@gmail.com] has logged in
2019-06-12 21:19:11,845 [1] INFO KanbanProject.BusinessLogicLayer.Board - Column [BackLog] has been added
2019-06-12 21:19:11,863 [1] INFO KanbanProject.BusinessLogicLayer.Board - Column [In Progress] has been added
2019-06-12 21:19:11,869 [1] INFO KanbanProject.BusinessLogicLayer.Board - Column [Done] has been added
2019-06-12 21:19:23,140 [1] INFO KanbanProject.BusinessLogicLayer.Managers.UsersManager`1 - System was initialized
2019-06-12 21:19:31,818 [1] INFO KanbanProject.InterfaceLayer.UserInter - User [gil@gmail.com] has logged in
2019-06-12 21:48:47,775 [1] INFO KanbanProject.BusinessLogicLayer.Managers.UsersManager`1 - System was initialized
2019-06-12 21:48:56,832 [1] INFO KanbanProject.InterfaceLayer.UserInter - User [gil@gmail.com] has logged in
2019-06-12 21:49:03,691 [1] INFO KanbanProject.BusinessLogicLayer.Board - Column [BackLog] has been added
2019-06-12 21:49:03,709 [1] INFO KanbanProject.BusinessLogicLayer.Board - Column [In Progress] has been added
2019-06-12 21:49:03,717 [1] INFO KanbanProject.BusinessLogicLayer.Board - Column [Done] has been added
2019-06-12 21:49:19,929 [1] INFO KanbanProject.InterfaceLayer.UserInter - User [gil@gmail.com] has logged out
2019-06-12 21:49:26,638 [1] INFO KanbanProject.BusinessLogicLayer.Managers.UsersManager`1 - System was initialized
2019-06-12 21:49:40,058 [1] INFO KanbanProject.InterfaceLayer.UserInter - User [gil@gmail.com] has logged in
2019-06-12 21:50:47,496 [1] INFO KanbanProject.Column - Task [TEST] was created
2019-06-12 21:50:56,578 [1] INFO KanbanProject.BusinessLogicLayer.Board - The task [TEST] has been moved from BackLogto In Progress
2019-06-12 21:51:07,083 [1] INFO KanbanProject.Column - Task [UUU] was created
2019-06-12 21:51:11,471 [1] INFO KanbanProject.BusinessLogicLayer.Board - The task [TEST] has been moved from In Progressto Done
2019-06-12 21:51:14,339 [1] INFO KanbanProject.BusinessLogicLayer.Board - The task [UUU] has been moved from BackLogto In Progress
2019-06-12 21:51:24,798 [1] INFO KanbanProject.Column - Task [YYY] was created
2019-06-12 21:51:34,475 [1] INFO KanbanProject.Column - Task [III] was created
2019-06-12 21:51:52,753 [1] INFO KanbanProject.InterfaceLayer.UserInter - User [gil@gmail.com] has logged out
2019-06-12 21:52:10,192 [1] INFO KanbanProject.InterfaceLayer.UserInter - User [gil@gmail.com] has logged in
2019-06-12 21:54:11,790 [1] INFO KanbanProject.BusinessLogicLayer.Managers.UsersManager`1 - System was initialized
2019-06-12 22:05:51,998 [1] INFO KanbanProject.InterfaceLayer.UserInter - User [gil@gmail.com] has logged in
2019-06-12 22:07:27,743 [1] INFO KanbanProject.BusinessLogicLayer.Board - Column [BackLog] has been added
2019-06-12 22:07:27,759 [1] INFO KanbanProject.BusinessLogicLayer.Board - Column [In Progress] has been added
2019-06-12 22:07:27,765 [1] INFO KanbanProject.BusinessLogicLayer.Board - Column [Done] has been added
2019-06-12 22:07:56,535 [1] INFO KanbanProject.BusinessLogicLayer.Managers.UsersManager`1 - System was initialized
2019-06-12 22:08:06,791 [1] INFO KanbanProject.InterfaceLayer.UserInter - User [gil@gmail.com] has logged in
2019-06-12 22:11:13,136 [1] INFO KanbanProject.BusinessLogicLayer.Managers.UsersManager`1 - System was initialized
2019-06-12 22:11:23,194 [1] INFO KanbanProject.InterfaceLayer.UserInter - User [gil@gmail.com] has logged in
2019-06-12 22:11:33,489 [1] INFO KanbanProject.BusinessLogicLayer.Board - Column [BackLog] has been added
2019-06-12 22:11:33,506 [1] INFO KanbanProject.BusinessLogicLayer.Board - Column [In Progress] has been added
2019-06-12 22:11:33,512 [1] INFO KanbanProject.BusinessLogicLayer.Board - Column [Done] has been added
2019-06-12 22:20:39,671 [1] INFO KanbanProject.BusinessLogicLayer.Managers.UsersManager`1 - System was initialized
2019-06-12 22:21:00,358 [1] INFO KanbanProject.InterfaceLayer.UserInter - User [gil@gmail.com] has logged in
2019-06-12 22:21:06,950 [1] INFO KanbanProject.BusinessLogicLayer.Board - Column [BackLog] has been added
2019-06-12 22:21:06,997 [1] INFO KanbanProject.BusinessLogicLayer.Board - Column [In Progress] has been added
2019-06-12 22:21:07,014 [1] INFO KanbanProject.BusinessLogicLayer.Board - Column [Done] has been added
2019-06-12 22:22:46,142 [1] INFO KanbanProject.BusinessLogicLayer.Managers.UsersManager`1 - System was initialized
2019-06-12 22:23:02,457 [1] INFO KanbanProject.InterfaceLayer.UserInter - User [gil@gmail.com] has logged in
2019-06-12 22:23:10,060 [1] INFO KanbanProject.BusinessLogicLayer.Board - Column [BackLog] has been added
2019-06-12 22:23:10,111 [1] INFO KanbanProject.BusinessLogicLayer.Board - Column [In Progress] has been added
2019-06-12 22:23:10,129 [1] INFO KanbanProject.BusinessLogicLayer.Board - Column [Done] has been added
2019-06-13 02:40:47,378 [1] INFO KanbanProject.BusinessLogicLayer.Managers.UsersManager`1 - System was initialized
2019-06-13 02:40:55,421 [1] INFO KanbanProject.InterfaceLayer.UserInter - User [gil@gmail.com] has logged in
2019-06-13 02:41:02,662 [1] INFO KanbanProject.BusinessLogicLayer.Board - Column [BackLog] has been added
2019-06-13 02:41:02,678 [1] INFO KanbanProject.BusinessLogicLayer.Board - Column [In Progress] has been added
2019-06-13 02:41:02,684 [1] INFO KanbanProject.BusinessLogicLayer.Board - Column [Done] has been added
2019-06-13 02:41:21,787 [1] INFO KanbanProject.BusinessLogicLayer.Board - Column [BackLog] has been added
2019-06-13 02:41:21,800 [1] INFO KanbanProject.BusinessLogicLayer.Board - Column [In Progress] has been added
2019-06-13 02:41:21,806 [1] INFO KanbanProject.BusinessLogicLayer.Board - Column [Done] has been added
2019-06-13 02:46:14,810 [1] INFO KanbanProject.BusinessLogicLayer.Managers.UsersManager`1 - System was initialized
2019-06-13 02:46:23,756 [1] INFO KanbanProject.InterfaceLayer.UserInter - User [gil@gmail.com] has logged in
2019-06-13 02:46:29,861 [1] INFO KanbanProject.BusinessLogicLayer.Board - Column [BackLog] has been added
2019-06-13 02:46:29,878 [1] INFO KanbanProject.BusinessLogicLayer.Board - Column [In Progress] has been added
2019-06-13 02:46:29,884 [1] INFO KanbanProject.BusinessLogicLayer.Board - Column [Done] has been added
2019-06-13 02:48:07,104 [1] INFO KanbanProject.BusinessLogicLayer.Managers.UsersManager`1 - System was initialized
2019-06-13 02:48:19,363 [1] INFO KanbanProject.InterfaceLayer.UserInter - User [gil@gmail.com] has logged in
2019-06-13 02:48:27,221 [1] INFO KanbanProject.BusinessLogicLayer.Board - Column [BackLog] has been added
2019-06-13 02:48:27,239 [1] INFO KanbanProject.BusinessLogicLayer.Board - Column [In Progress] has been added
2019-06-13 02:48:27,245 [1] INFO KanbanProject.BusinessLogicLayer.Board - Column [Done] has been added
2019-06-13 02:51:53,271 [1] INFO KanbanProject.BusinessLogicLayer.Managers.UsersManager`1 - System was initialized
2019-06-13 02:52:01,365 [1] INFO KanbanProject.InterfaceLayer.UserInter - User [gil@gmail.com] has logged in
2019-06-13 02:52:08,454 [1] INFO KanbanProject.BusinessLogicLayer.Board - Column [BackLog] has been added
2019-06-13 02:52:08,471 [1] INFO KanbanProject.BusinessLogicLayer.Board - Column [In Progress] has been added
2019-06-13 02:52:08,477 [1] INFO KanbanProject.BusinessLogicLayer.Board - Column [Done] has been added
2019-06-13 02:59:55,569 [1] INFO KanbanProject.BusinessLogicLayer.Managers.UsersManager`1 - System was initialized
2019-06-13 03:00:09,871 [1] INFO KanbanProject.InterfaceLayer.UserInter - User [gil@gmail.com] has logged in
2019-06-13 03:00:16,214 [1] INFO KanbanProject.BusinessLogicLayer.Board - Column [BackLog] has been added
2019-06-13 03:00:16,230 [1] INFO KanbanProject.BusinessLogicLayer.Board - Column [In Progress] has been added
2019-06-13 03:00:16,236 [1] INFO KanbanProject.BusinessLogicLayer.Board - Column [Done] has been added
2019-06-13 03:01:02,981 [1] INFO KanbanProject.BusinessLogicLayer.Managers.UsersManager`1 - System was initialized
2019-06-13 03:01:13,162 [1] INFO KanbanProject.InterfaceLayer.UserInter - User [gil@gmail.com] has logged in
2019-06-13 03:01:19,325 [1] INFO KanbanProject.BusinessLogicLayer.Board - Column [BackLog] has been added
2019-06-13 03:01:19,624 [1] INFO KanbanProject.BusinessLogicLayer.Board - Column [In Progress] has been added
2019-06-13 03:01:19,923 [1] INFO KanbanProject.BusinessLogicLayer.Board - Column [Done] has been added
2019-06-13 03:01:35,798 [1] INFO KanbanProject.Column - Task [YY] was created
2019-06-13 03:01:41,091 [1] INFO KanbanProject.BusinessLogicLayer.Board - The task [YY] has been moved from BackLogto In Progress
2019-06-13 03:01:41,634 [1] ERROR KanbanProject.BusinessLogicLayer.Board - Unable to find the task to move on the column [BackLog]
2019-06-13 03:01:44,839 [1] INFO KanbanProject.BusinessLogicLayer.Board - The task [YY] has been moved from In Progressto Done
2019-06-13 03:02:01,714 [1] INFO KanbanProject.Column - Task [TTT] was created
2019-06-13 03:02:07,361 [1] INFO KanbanProject.BusinessLogicLayer.Board - The task [TTT] has been moved from BackLogto In Progress
2019-06-13 03:02:17,330 [1] INFO KanbanProject.Column - Task [IIII] was created
2019-06-13 03:02:26,689 [1] INFO KanbanProject.Column - Task [BBBBB] was created
2019-06-13 03:02:57,421 [1] INFO KanbanProject.BusinessLogicLayer.Managers.UsersManager`1 - System was initialized
2019-06-13 03:03:08,032 [1] INFO KanbanProject.InterfaceLayer.UserInter - User [gil@gmail.com] has logged in
2019-06-15 12:04:07,812 [1] INFO KanbanProject.BusinessLogicLayer.Managers.UsersManager`1 - System was initialized
